2018-10-29 17:32:33  [ Timer-0:1511977 ] - [ ERROR ]  保存车辆迁移日报表异常!
com.mysql.cj.jdbc.exceptions.CommunicationsException: Communications link failure

The last packet successfully received from the server was 1,211,974 milliseconds ago.  The last packet sent successfully to the server was 1,211,976 milliseconds ago.
	at com.mysql.cj.jdbc.exceptions.SQLError.createCommunicationsException(SQLError.java:590)
	at com.mysql.cj.jdbc.exceptions.SQLExceptionsMapping.translateException(SQLExceptionsMapping.java:57)
	at com.mysql.cj.jdbc.ConnectionImpl.execSQL(ConnectionImpl.java:1983)
	at com.mysql.cj.jdbc.PreparedStatement.executeInternal(PreparedStatement.java:1826)
	at com.mysql.cj.jdbc.PreparedStatement.executeQuery(PreparedStatement.java:1923)
	at com.mchange.v2.c3p0.impl.NewProxyPreparedStatement.executeQuery(NewProxyPreparedStatement.java:76)
	at com.wlwl.mysql.JdbcUtils.findMoreRefResult(JdbcUtils.java:256)
	at com.wlwl.one.MyTask.loadData(MyTask.java:91)
	at com.wlwl.one.MyTask.run(MyTask.java:58)
	at java.util.TimerThread.mainLoop(Timer.java:555)
	at java.util.TimerThread.run(Timer.java:505)
Caused by: com.mysql.cj.core.exceptions.CJCommunicationsException: Communications link failure

The last packet successfully received from the server was 1,211,974 milliseconds ago.  The last packet sent successfully to the server was 1,211,976 milliseconds ago.
	at sun.reflect.NativeConstructorAccessorImpl.newInstance0(Native Method)
	at sun.reflect.NativeConstructorAccessorImpl.newInstance(NativeConstructorAccessorImpl.java:62)
	at sun.reflect.DelegatingConstructorAccessorImpl.newInstance(DelegatingConstructorAccessorImpl.java:45)
	at java.lang.reflect.Constructor.newInstance(Constructor.java:423)
	at com.mysql.cj.core.exceptions.ExceptionFactory.createException(ExceptionFactory.java:54)
	at com.mysql.cj.core.exceptions.ExceptionFactory.createException(ExceptionFactory.java:93)
	at com.mysql.cj.core.exceptions.ExceptionFactory.createException(ExceptionFactory.java:133)
	at com.mysql.cj.core.exceptions.ExceptionFactory.createCommunicationsException(ExceptionFactory.java:149)
	at com.mysql.cj.mysqla.io.MysqlaProtocol.send(MysqlaProtocol.java:561)
	at com.mysql.cj.mysqla.io.MysqlaProtocol.sendCommand(MysqlaProtocol.java:644)
	at com.mysql.cj.mysqla.io.MysqlaProtocol.sqlQueryDirect(MysqlaProtocol.java:950)
	at com.mysql.cj.mysqla.MysqlaSession.sqlQueryDirect(MysqlaSession.java:431)
	at com.mysql.cj.jdbc.ConnectionImpl.execSQL(ConnectionImpl.java:1978)
	... 8 more
Caused by: java.net.SocketException: Connection reset by peer: socket write error
	at java.net.SocketOutputStream.socketWrite0(Native Method)
	at java.net.SocketOutputStream.socketWrite(SocketOutputStream.java:109)
	at java.net.SocketOutputStream.write(SocketOutputStream.java:153)
	at java.io.BufferedOutputStream.flushBuffer(BufferedOutputStream.java:82)
	at java.io.BufferedOutputStream.flush(BufferedOutputStream.java:140)
	at com.mysql.cj.mysqla.io.SimplePacketSender.send(SimplePacketSender.java:50)
	at com.mysql.cj.mysqla.io.TimeTrackingPacketSender.send(TimeTrackingPacketSender.java:43)
	at com.mysql.cj.mysqla.io.MysqlaProtocol.send(MysqlaProtocol.java:552)
	... 12 more
